<?xml version="1.0" encoding="UTF-8"?>
<!-- Generated by org.testng.reporters.JUnitReportReporter -->
<testsuite skipped="0" hostname="DESKTOP-HEOVU1M" name="com.qagroup.google.testsoleg.TestKeyboard" tests="2" failures="0" timestamp="10 Nov 2016 19:13:10 GMT" time="3.010" errors="0">
  <testcase name="testKeyboardAppearance" time="2.870" classname="com.qagroup.google.testsoleg.TestKeyboard"/>
  <testcase name="testKeyboardClose" time="0.140" classname="com.qagroup.google.testsoleg.TestKeyboard"/>
</testsuite> <!-- com.qagroup.google.testsoleg.TestKeyboard -->
