<?xml version="1.0" encoding="UTF-8"?>
<!-- Generated by org.testng.reporters.JUnitReportReporter -->
<testsuite hostname="DESKTOP-HEOVU1M" name="com.qagroup.google.testsoleg.TestKeyboard" tests="2" failures="0" timestamp="18 Nov 2016 21:46:29 GMT" time="4.245" errors="0">
  <testcase name="testKeyboardClose" time="0.136" classname="com.qagroup.google.testsoleg.TestKeyboard"/>
  <testcase name="testKeyboardAppearance" time="4.109" classname="com.qagroup.google.testsoleg.TestKeyboard"/>
</testsuite> <!-- com.qagroup.google.testsoleg.TestKeyboard -->
